\BOOKMARK [0][-]{section*.1}{\376\377\004\041\004\060\004\064\004\100\004\066\004\060\004\130}{}% 1
\BOOKMARK [0][-]{chapter.1}{\376\377\004\043\004\062\004\076\004\064}{}% 2
\BOOKMARK [0][-]{chapter.2}{\376\377\004\022\004\065\004\100\004\070\004\104\004\070\004\072\004\060\004\106\004\070\004\130\004\060}{}% 3
\BOOKMARK [1][-]{section.2.1}{\376\377\004\024\004\070\004\075\004\060\004\074\004\070\004\107\004\072\004\060\000\040\004\062\004\065\004\100\004\070\004\104\004\070\004\072\004\060\004\106\004\070\004\130\004\060}{chapter.2}% 4
\BOOKMARK [1][-]{section.2.2}{\376\377\004\041\004\102\004\060\004\102\004\070\004\107\004\072\004\060\000\040\004\062\004\065\004\100\004\070\004\104\004\070\004\072\004\060\004\106\004\070\004\130\004\060}{chapter.2}% 5
\BOOKMARK [1][-]{section.2.3}{\376\377\004\020\004\073\004\060\004\102\004\070\000\040\004\067\004\060\000\040\004\062\004\065\004\100\004\070\004\104\004\070\004\072\004\060\004\106\004\070\004\130\004\103}{chapter.2}% 6
\BOOKMARK [1][-]{section.2.4}{\376\377\004\041\004\070\004\101\004\102\004\065\004\074\000\040\004\033\004\020\004\022}{chapter.2}% 7
\BOOKMARK [0][-]{chapter.3}{\376\377\004\037\004\060\004\100\004\060\004\073\004\065\004\073\004\070\004\067\004\060\004\106\004\070\004\130\004\060}{}% 8
\BOOKMARK [1][-]{section.3.1}{\376\377\004\034\004\076\004\102\004\070\004\062\004\060\004\106\004\070\004\130\004\060}{chapter.3}% 9
\BOOKMARK [1][-]{section.3.2}{\376\377\004\022\004\100\004\101\004\102\004\065\000\040\004\077\004\060\004\100\004\060\004\073\004\065\004\073\004\070\004\067\004\060\004\106\004\070\004\130\004\065}{chapter.3}% 10
\BOOKMARK [1][-]{section.3.3}{\376\377\004\037\004\100\004\076\004\061\004\073\004\065\004\074\004\070}{chapter.3}% 11
\BOOKMARK [1][-]{section.3.4}{\376\377\004\020\004\073\004\060\004\102\004\070\000\040\004\067\004\060\000\040\004\077\004\060\004\100\004\060\004\073\004\065\004\073\004\070\004\067\004\060\004\106\004\070\004\130\004\103}{chapter.3}% 12
\BOOKMARK [0][-]{chapter.4}{\376\377\004\030\004\074\004\077\004\073\004\065\004\074\004\065\004\075\004\102\004\060\004\106\004\070\004\130\004\060}{}% 13
\BOOKMARK [1][-]{section.4.1}{\376\377\004\036\004\077\004\070\004\101\000\040\004\077\004\100\004\076\004\061\004\073\004\065\004\074\004\060}{chapter.4}% 14
\BOOKMARK [1][-]{section.4.2}{\376\377\004\036\004\077\004\070\004\101\000\040\004\060\004\100\004\105\004\070\004\102\004\065\004\072\004\102\004\103\004\100\004\065}{chapter.4}% 15
\BOOKMARK [1][-]{section.4.3}{\376\377\004\030\004\074\004\077\004\073\004\065\004\074\004\065\004\075\004\102\004\060\004\106\004\070\004\130\004\060\000\040\004\074\004\076\004\064\004\103\004\073\004\060}{chapter.4}% 16
\BOOKMARK [1][-]{section.4.4}{\376\377\004\030\004\075\004\102\004\065\004\063\004\100\004\060\004\106\004\070\004\130\004\060\000\040\004\074\004\076\004\064\004\103\004\073\004\060\000\040\004\101\004\060\000\040\004\101\004\070\004\101\004\102\004\065\004\074\004\076\004\074\000\040\004\033\004\020\004\022}{chapter.4}% 17
\BOOKMARK [0][-]{chapter.5}{\376\377\004\025\004\072\004\101\004\077\004\065\004\100\004\070\004\074\004\065\004\075\004\102\004\060\004\073\004\075\004\070\000\040\004\100\004\065\004\067\004\103\004\073\004\102\004\060\004\102\004\070}{}% 18
\BOOKMARK [1][-]{section.5.1}{\376\377\004\020\004\100\004\105\004\070\004\102\004\065\004\072\004\102\004\103\004\100\004\060\000\040\004\100\004\060\004\107\004\103\004\075\004\060\004\100\004\060}{chapter.5}% 19
\BOOKMARK [1][-]{section.5.2}{\376\377\004\036\004\077\004\070\004\101\000\040\004\072\004\076\004\100\004\077\004\103\004\101\004\060}{chapter.5}% 20
\BOOKMARK [1][-]{section.5.3}{\376\377\004\035\004\060\004\107\004\070\004\075\004\070\000\040\004\077\004\076\004\072\004\100\004\065\004\102\004\060\004\132\004\060}{chapter.5}% 21
\BOOKMARK [1][-]{section.5.4}{\376\377\004\030\004\067\004\074\004\065\004\100\004\065\004\075\004\060\000\040\004\062\004\100\004\065\004\074\004\065\004\075\004\060}{chapter.5}% 22
\BOOKMARK [1][-]{section.5.5}{\376\377\004\036\004\061\004\130\004\060\004\110\004\132\004\060\004\062\004\060\004\132\004\065\000\040\004\065\004\072\004\101\004\077\004\065\004\100\004\070\004\074\004\065\004\075\004\102\004\060\004\073\004\075\004\070\004\105\000\040\004\100\004\065\004\067\004\103\004\073\004\102\004\060\004\102\004\060}{chapter.5}% 23
\BOOKMARK [0][-]{section*.10}{\376\377\004\021\004\070\004\061\004\073\004\070\004\076\004\063\004\100\004\060\004\104\004\070\004\130\004\060}{}% 24
